[2019-12-15T17:36:25.659] [INFO] result - 
********** RESPONSE START **********

  request userInfo: undefined

  request method: GET
  request originalUrl: /
  request client ip: ::1
  request query: {}
  response time: 37

  response status: 200
  response body: 
  {"code":400,"msg":"Bad Request"}

********** RESPONSE END **********

[2019-12-15T17:36:26.003] [INFO] result - 
********** RESPONSE START **********

  request userInfo: undefined

  request method: GET
  request originalUrl: /favicon.ico
  request client ip: ::1
  request query: {}
  response time: 15

  response status: 200
  response body: 
  {"code":400,"msg":"Bad Request"}

********** RESPONSE END **********

[2019-12-15T21:00:49.123] [INFO] result - 
********** RESPONSE START **********

  request userInfo: undefined

  request method: GET
  request originalUrl: /api/v3.0.1
  request client ip: ::1
  request query: {}
  response time: 45

  response status: 200
  response body: 
  {"code":400,"msg":"Bad Request"}

********** RESPONSE END **********

[2019-12-15T21:00:56.208] [INFO] result - 
********** RESPONSE START **********

  request userInfo: undefined

  request method: GET
  request originalUrl: /api/
  request client ip: ::1
  request query: {}
  response time: 6

  response status: 200
  response body: 
  {"code":400,"msg":"Bad Request"}

********** RESPONSE END **********

[2019-12-15T21:01:00.503] [INFO] result - 
********** RESPONSE START **********

  request userInfo: undefined

  request method: GET
  request originalUrl: /api
  request client ip: ::1
  request query: {}
  response time: 1

  response status: 200
  response body: 
  {"code":400,"msg":"Bad Request"}

********** RESPONSE END **********

[2019-12-15T21:01:55.735] [INFO] result - 
********** RESPONSE START **********

  request userInfo: undefined

  request method: GET
  request originalUrl: /x-webdesktop-api/v3.0.1
  request client ip: ::1
  request query: {}
  response time: 2

  response status: 200
  response body: 
  {"code":400,"msg":"Bad Request"}

********** RESPONSE END **********

[2019-12-15T21:02:01.955] [INFO] result - 
********** RESPONSE START **********

  request userInfo: undefined

  request method: GET
  request originalUrl: /x-webdesktop-ap
  request client ip: ::1
  request query: {}
  response time: 2

  response status: 200
  response body: 
  {"code":400,"msg":"Bad Request"}

********** RESPONSE END **********

[2019-12-15T21:02:22.164] [INFO] result - 
********** RESPONSE START **********

  request userInfo: undefined

  request method: GET
  request originalUrl: /X-WebDesktop-Api-Koa
  request client ip: ::1
  request query: {}
  response time: 5

  response status: 200
  response body: 
  {"code":400,"msg":"Bad Request"}

********** RESPONSE END **********

[2019-12-15T21:07:32.721] [INFO] result - 
********** RESPONSE START **********

  request userInfo: undefined

  request method: GET
  request originalUrl: /x-webdesktop-api-koa
  request client ip: ::1
  request query: {}
  response time: 33

  response status: 200
  response body: 
  {"code":400,"msg":"Bad Request"}

********** RESPONSE END **********

[2019-12-15T21:07:44.131] [INFO] result - 
********** RESPONSE START **********

  request userInfo: undefined

  request method: GET
  request originalUrl: /x-webdesktop-api-koa/api/v2.0.0
  request client ip: ::1
  request query: {}
  response time: 6

  response status: 200
  response body: 
  {"code":400,"msg":"Bad Request"}

********** RESPONSE END **********

[2019-12-15T21:07:49.368] [INFO] result - 
********** RESPONSE START **********

  request userInfo: undefined

  request method: GET
  request originalUrl: /x-webdesktop-api-koa/api
  request client ip: ::1
  request query: {}
  response time: 2

  response status: 200
  response body: 
  {"code":400,"msg":"Bad Request"}

********** RESPONSE END **********

[2019-12-15T21:07:53.009] [INFO] result - 
********** RESPONSE START **********

  request userInfo: undefined

  request method: GET
  request originalUrl: /x-webdesktop-api-koa/api/
  request client ip: ::1
  request query: {}
  response time: 4

  response status: 200
  response body: 
  {"code":400,"msg":"Bad Request"}

********** RESPONSE END **********

[2019-12-15T21:09:08.192] [INFO] result - 
********** RESPONSE START **********

  request userInfo: undefined

  request method: GET
  request originalUrl: /apps
  request client ip: ::1
  request query: {}
  response time: 2

  response status: 200
  response body: 
  {"code":400,"msg":"Bad Request"}

********** RESPONSE END **********

